➜  level09 git:(master) ✗ ssh vortex9

This is the OverTheWire game server. More information on http://www.overthewire.org/wargames

Please note that wargame usernames are no longer level<X>, but wargamename<X>
e.g. vortex4, semtex2, ...

Note: at this moment, blacksun is not available.

vortex9@vortex.labs.overthewire.org's password:

      ,----..            ,----,          .---.
     /   /   \         ,/   .`|         /. ./|
    /   .     :      ,`   .'  :     .--'.  ' ;
   .   /   ;.  \   ;    ;     /    /__./ \ : |
  .   ;   /  ` ; .'___,/    ,' .--'.  '   \' .
  ;   |  ; \ ; | |    :     | /___/ \ |    ' '
  |   :  | ; | ' ;    |.';  ; ;   \  \;      :
  .   |  ' ' ' : `----'  |  |  \   ;  `      |
  '   ;  \; /  |     '   :  ;   .   \    .\  ;
   \   \  ',  /      |   |  '    \   \   ' \ |
    ;   :    /       '   :  |     :   '  |--"
     \   \ .'        ;   |.'       \   \ ;
  www. `---` ver     '---' he       '---" ire.org


Welcome to the OverTheWire games machine!

If you find any problems, please report them to Steven on
irc.overthewire.org.

--[ Playing the games ]--

  This machine holds several wargames.
  If you are playing "somegame", then:

    * USERNAMES are somegame0, somegame1, ...
    * Most LEVELS are stored in /somegame/.
    * PASSWORDS for each level are stored in /etc/somegame_pass/.

  Write-access to homedirectories is disabled. It is advised to create a
  working directory with a hard-to-guess name in /tmp/.  You can use the
  command "mktemp -d" in order to generate a random and hard to guess
  directory in /tmp/.  Read-access to both /tmp/ and /proc/ is disabled
  so that users can not snoop on eachother.

  Please play nice:

    * don't leave orphan processes running
    * don't leave exploit-files laying around
    * don't annoy other players
    * don't post passwords or spoilers
    * again, DONT POST SPOILERS!
      This includes writeups of your solution on your blog or website!

--[ Tips ]--

  This machine has a 64bit processor and many security-features enabled
  by default, although ASLR has been switched off.  The following
  compiler flags might be interesting:

    -m32                    compile for 32bit
    -fno-stack-protector    disable ProPolice
    -Wl,-z,norelro          disable relro

  In addition, the execstack tool can be used to flag the stack as
  executable on ELF binaries.

  Finally, network-access is limited for most levels by a local
  firewall.

--[ Tools ]--

 For your convenience we have installed a few usefull tools which you can find
 in the following locations:

    * peda (https://github.com/longld/peda.git) in /usr/local/peda/
    * gdbinit (https://github.com/gdbinit/Gdbinit) in /usr/local/gdbinit/
    * pwntools (https://github.com/Gallopsled/pwntools) in /usr/src/pwntools/
    * radare2 (http://www.radare.org/) should be in $PATH

--[ More information ]--

  For more information regarding individual wargames, visit
  http://www.overthewire.org/wargames/

  For questions or comments, contact us through IRC on
  irc.overthewire.org.


You have mail.
vortex9@melinda:~$ mail
No mail for vortex9
vortex9@melinda:~$ mutt
-bash: mutt: command not found
vortex9@melinda:~$ pwd
/home/vortex9
vortex9@melinda:~$ ls -la
total 20
drwxr-xr-x   2 root root 4096 Nov 14  2014 .
drwxr-xr-x 172 root root 4096 Jul 10  2016 ..
-rw-r--r--   1 root root  220 Apr  9  2014 .bash_logout
-rw-r--r--   1 root root 3637 Apr  9  2014 .bashrc
-rw-r--r--   1 root root  675 Apr  9  2014 .profile
vortex9@melinda:~$ id
uid=5009(vortex9) gid=5009(vortex9) groups=5009(vortex9)
vortex9@melinda:~$ cd /vortex
vortex9@melinda:/vortex$ ls
vortex0  vortex10  vortex12  vortex14.txt  vortex15.tar.Z.enc  vortex17  vortex19  vortex20  vortex22           vortex22_md5.h  vortex23.jpg  vortex3  vortex5  vortex7
vortex1  vortex11  vortex13  vortex15      vortex16            vortex18  vortex2   vortex21  vortex22_factor.o  vortex22_md5.o  vortex24      vortex4  vortex6  vortex8
vortex9@melinda:/vortex$ ls -l
total 223
-rwxr-xr-x 1 root     root      8191 Nov 14  2014 vortex0
-r-sr-x--- 1 vortex2  vortex1   7559 Nov 14  2014 vortex1
-r-sr-x--- 1 vortex11 vortex10  7819 Nov 14  2014 vortex10
-r-sr-x--- 1 vortex12 vortex11 17239 Nov 14  2014 vortex11
-r-sr-x--- 1 vortex13 vortex12  7657 Nov 14  2014 vortex12
-r-sr-x--- 1 vortex14 vortex13  7636 Nov 14  2014 vortex13
-r-------- 1 vortex14 vortex14   323 Nov 14  2014 vortex14.txt
-r-xr-x--- 1 vortex15 vortex15  7563 Nov 14  2014 vortex15
-r-------- 1 vortex15 vortex15   469 Nov 14  2014 vortex15.tar.Z.enc
-r-sr-x--- 1 vortex17 vortex16 12324 Nov 14  2014 vortex16
-r-sr-x--- 1 vortex18 vortex17  7392 Nov 14  2014 vortex17
-r-sr-x--- 1 vortex19 vortex18  7867 Nov 14  2014 vortex18
-r-sr-x--- 1 vortex20 vortex19  7545 Nov 14  2014 vortex19
-r-sr-x--- 1 vortex3  vortex2   7295 Nov 14  2014 vortex2
-r-xr-x--- 1 root     vortex20  8172 Nov 14  2014 vortex20
-r-sr-x--- 1 vortex22 vortex21  7963 Nov 14  2014 vortex21
-r-sr-x--- 1 vortex23 vortex22 12388 Nov 14  2014 vortex22
-r-------- 1 vortex22 vortex22  3364 Nov 14  2014 vortex22_factor.o
-r-------- 1 vortex22 vortex22   419 Nov 14  2014 vortex22_md5.h
-r-------- 1 vortex22 vortex22  4136 Nov 14  2014 vortex22_md5.o
-rw-r----- 1 vortex23 vortex23 14691 Nov 14  2014 vortex23.jpg
-r-sr-x--- 1 vortex25 vortex24  8002 Nov 14  2014 vortex24
-r-sr-x--- 1 vortex4  vortex3   5107 Nov 14  2014 vortex3
-r-sr-x--- 1 vortex5  vortex4   7332 Nov 14  2014 vortex4
-r-sr-x--- 1 vortex6  vortex5  12023 Nov 14  2014 vortex5
-r-sr-x--- 1 vortex7  vortex6   7395 Nov 14  2014 vortex6
-r-sr-x--- 1 vortex8  vortex7   7443 Nov 14  2014 vortex7
-r-sr-x--- 1 vortex9  vortex8   7656 Nov 14  2014 vortex8
vortex9@melinda:/vortex$ ls -l | grep vortex9
-r-sr-x--- 1 vortex9  vortex8   7656 Nov 14  2014 vortex8
vortex9@melinda:/vortex$ cd /var/spool
vortex9@melinda:/var/spool$ ls -l
total 161
drwxrwxrwx 2 bandit24 bandit23 151552 Feb 19 14:11 bandit24
drwxr-xr-x 5 root     root       4096 Apr 20  2014 cron
lrwxrwxrwx 1 root     root          7 Apr 20  2014 mail -> ../mail
drwxr-xr-x 2 root     root       4096 Apr 11  2014 plymouth
drwx------ 2 syslog   adm        4096 Dec  4  2013 rsyslog
vortex9@melinda:/var/spool$ cd mail
vortex9@melinda:/var/spool/mail$ pwd
/var/spool/mail
vortex9@melinda:/var/spool/mail$ ls -la
total 12
drwxrwsr-x  2 root    mail    4096 Nov 14  2014 .
drwxr-xr-x 15 root    root    4096 Nov 14  2014 ..
-rw-r-----  1 vortex9 vortex9   10 Nov 14  2014 vortex9
vortex9@melinda:/var/spool/mail$ file vortex9
vortex9: ASCII text
vortex9@melinda:/var/spool/mail$ cat vortex9
5WT0}swdc
vortex9@melinda:/var/spool/mail$

